2022-06-29 00:01:04,556 - log - INFO - create a directory "/tmp/tmpi_2vkkbp".
2022-06-29 00:01:04,556 - log - INFO - directory "/tmp/tmpi_2vkkbp" created.
2022-06-29 00:01:04,556 - log - INFO - directory "/tmp/tmpi_2vkkbp" created.
2022-06-29 00:01:04,557 - log - INFO - downloading file "https://ru.hexlet.io/assets/menu.css".
2022-06-29 00:01:04,557 - log - INFO - downloading file "https://ru.hexlet.io/assets/menu.css".
2022-06-29 00:01:04,557 - log - INFO - downloading file "https://ru.hexlet.io/assets/menu.css".
2022-06-29 00:01:04,558 - log - INFO - file "https://ru.hexlet.io/assets/menu.css" download.
2022-06-29 00:01:04,558 - log - INFO - file "https://ru.hexlet.io/assets/menu.css" download.
2022-06-29 00:01:04,558 - log - INFO - file "https://ru.hexlet.io/assets/menu.css" download.
2022-06-29 00:01:04,558 - log - INFO - file "https://ru.hexlet.io/assets/menu.css" download.
2022-06-29 00:01:29,102 - log - INFO - create a directory "/tmp/tmpw8vzz5fh".
2022-06-29 00:01:29,103 - log - INFO - directory "/tmp/tmpw8vzz5fh" created.
2022-06-29 00:01:29,103 - log - INFO - directory "/tmp/tmpw8vzz5fh" created.
2022-06-29 00:01:29,103 - log - INFO - downloading file "https://ru.hexlet.io/assets/menu.css".
2022-06-29 00:01:29,103 - log - INFO - downloading file "https://ru.hexlet.io/assets/menu.css".
2022-06-29 00:01:29,103 - log - INFO - downloading file "https://ru.hexlet.io/assets/menu.css".
2022-06-29 00:01:29,105 - log - INFO - file "https://ru.hexlet.io/assets/menu.css" download.
2022-06-29 00:01:29,105 - log - INFO - file "https://ru.hexlet.io/assets/menu.css" download.
2022-06-29 00:01:29,105 - log - INFO - file "https://ru.hexlet.io/assets/menu.css" download.
2022-06-29 00:01:29,105 - log - INFO - file "https://ru.hexlet.io/assets/menu.css" download.
2022-06-29 00:01:53,305 - log - INFO - create a directory "/tmp/tmpcy78rf6p".
2022-06-29 00:01:53,305 - log - INFO - directory "/tmp/tmpcy78rf6p" created.
2022-06-29 00:01:53,305 - log - INFO - directory "/tmp/tmpcy78rf6p" created.
2022-06-29 00:01:53,306 - log - INFO - downloading file "https://ru.hexlet.io/assets/menu.css".
2022-06-29 00:01:53,306 - log - INFO - downloading file "https://ru.hexlet.io/assets/menu.css".
2022-06-29 00:01:53,306 - log - INFO - downloading file "https://ru.hexlet.io/assets/menu.css".
2022-06-29 00:01:53,308 - log - INFO - file "https://ru.hexlet.io/assets/menu.css" download.
2022-06-29 00:01:53,308 - log - INFO - file "https://ru.hexlet.io/assets/menu.css" download.
2022-06-29 00:01:53,308 - log - INFO - file "https://ru.hexlet.io/assets/menu.css" download.
2022-06-29 00:01:53,308 - log - INFO - file "https://ru.hexlet.io/assets/menu.css" download.
2022-06-29 00:04:50,736 - log - INFO - create a directory "/tmp/tmp9echxl5h".
2022-06-29 00:04:50,736 - log - INFO - directory "/tmp/tmp9echxl5h" created.
2022-06-29 00:04:50,736 - log - INFO - directory "/tmp/tmp9echxl5h" created.
2022-06-29 00:04:50,737 - log - INFO - downloading file "https://ru.hexlet.io/assets/menu.css".
2022-06-29 00:04:50,737 - log - INFO - downloading file "https://ru.hexlet.io/assets/menu.css".
2022-06-29 00:04:50,737 - log - INFO - downloading file "https://ru.hexlet.io/assets/menu.css".
2022-06-29 00:04:50,738 - log - INFO - file "https://ru.hexlet.io/assets/menu.css" download.
2022-06-29 00:04:50,738 - log - INFO - file "https://ru.hexlet.io/assets/menu.css" download.
2022-06-29 00:04:50,738 - log - INFO - file "https://ru.hexlet.io/assets/menu.css" download.
2022-06-29 00:04:50,738 - log - INFO - file "https://ru.hexlet.io/assets/menu.css" download.
