2022-06-27 00:19:27,787 - log - INFO - create a directory "/tmp/tmp4ghf0q_a".
2022-06-27 00:19:27,787 - log - DEBUG - create a directory "/tmp/tmp4ghf0q_a".
2022-06-27 00:19:27,787 - log - INFO - directory "/tmp/tmp4ghf0q_a" created.
2022-06-27 00:19:27,787 - log - INFO - directory "/tmp/tmp4ghf0q_a" created.
2022-06-27 00:19:27,788 - log - DEBUG - directory "/tmp/tmp4ghf0q_a" created.
2022-06-27 00:19:27,788 - log - DEBUG - directory "/tmp/tmp4ghf0q_a" created.
2022-06-27 00:19:27,788 - log - INFO - downloading file "https://ru.hexlet.io/assets/menu.css".
2022-06-27 00:19:27,788 - log - INFO - downloading file "https://ru.hexlet.io/assets/menu.css".
2022-06-27 00:19:27,788 - log - INFO - downloading file "https://ru.hexlet.io/assets/menu.css".
2022-06-27 00:19:27,788 - log - DEBUG - downloading file "https://ru.hexlet.io/assets/menu.css".
2022-06-27 00:19:27,788 - log - DEBUG - downloading file "https://ru.hexlet.io/assets/menu.css".
2022-06-27 00:19:27,788 - log - DEBUG - downloading file "https://ru.hexlet.io/assets/menu.css".
2022-06-27 00:19:27,790 - log - INFO - file "https://ru.hexlet.io/assets/menu.css" download.
2022-06-27 00:19:27,790 - log - INFO - file "https://ru.hexlet.io/assets/menu.css" download.
2022-06-27 00:19:27,790 - log - INFO - file "https://ru.hexlet.io/assets/menu.css" download.
2022-06-27 00:19:27,790 - log - INFO - file "https://ru.hexlet.io/assets/menu.css" download.
2022-06-27 00:19:27,790 - log - DEBUG - file "https://ru.hexlet.io/assets/menu.css" download.
2022-06-27 00:19:27,790 - log - DEBUG - file "https://ru.hexlet.io/assets/menu.css" download.
2022-06-27 00:19:27,790 - log - DEBUG - file "https://ru.hexlet.io/assets/menu.css" download.
2022-06-27 00:19:27,790 - log - DEBUG - file "https://ru.hexlet.io/assets/menu.css" download.
2022-06-27 00:29:09,747 - log - INFO - create a directory "/tmp/tmp7r9jw3gx".
2022-06-27 00:29:09,747 - log - DEBUG - create a directory "/tmp/tmp7r9jw3gx".
2022-06-27 00:29:09,748 - log - INFO - directory "/tmp/tmp7r9jw3gx" created.
2022-06-27 00:29:09,748 - log - INFO - directory "/tmp/tmp7r9jw3gx" created.
2022-06-27 00:29:09,748 - log - DEBUG - directory "/tmp/tmp7r9jw3gx" created.
2022-06-27 00:29:09,748 - log - DEBUG - directory "/tmp/tmp7r9jw3gx" created.
2022-06-27 00:29:09,748 - log - INFO - downloading file "https://ru.hexlet.io/assets/menu.css".
2022-06-27 00:29:09,748 - log - INFO - downloading file "https://ru.hexlet.io/assets/menu.css".
2022-06-27 00:29:09,748 - log - INFO - downloading file "https://ru.hexlet.io/assets/menu.css".
2022-06-27 00:29:09,748 - log - DEBUG - downloading file "https://ru.hexlet.io/assets/menu.css".
2022-06-27 00:29:09,748 - log - DEBUG - downloading file "https://ru.hexlet.io/assets/menu.css".
2022-06-27 00:29:09,748 - log - DEBUG - downloading file "https://ru.hexlet.io/assets/menu.css".
2022-06-27 00:29:09,750 - log - INFO - file "https://ru.hexlet.io/assets/menu.css" download.
2022-06-27 00:29:09,750 - log - INFO - file "https://ru.hexlet.io/assets/menu.css" download.
2022-06-27 00:29:09,750 - log - INFO - file "https://ru.hexlet.io/assets/menu.css" download.
2022-06-27 00:29:09,750 - log - INFO - file "https://ru.hexlet.io/assets/menu.css" download.
2022-06-27 00:29:09,750 - log - DEBUG - file "https://ru.hexlet.io/assets/menu.css" download.
2022-06-27 00:29:09,750 - log - DEBUG - file "https://ru.hexlet.io/assets/menu.css" download.
2022-06-27 00:29:09,750 - log - DEBUG - file "https://ru.hexlet.io/assets/menu.css" download.
2022-06-27 00:29:09,750 - log - DEBUG - file "https://ru.hexlet.io/assets/menu.css" download.
2022-06-27 00:29:58,066 - log - INFO - create a directory "/tmp/tmp31v6u4g6".
2022-06-27 00:29:58,066 - log - DEBUG - create a directory "/tmp/tmp31v6u4g6".
2022-06-27 00:29:58,066 - log - INFO - directory "/tmp/tmp31v6u4g6" created.
2022-06-27 00:29:58,066 - log - INFO - directory "/tmp/tmp31v6u4g6" created.
2022-06-27 00:29:58,066 - log - DEBUG - directory "/tmp/tmp31v6u4g6" created.
2022-06-27 00:29:58,066 - log - DEBUG - directory "/tmp/tmp31v6u4g6" created.
2022-06-27 00:29:58,067 - log - INFO - downloading file "https://ru.hexlet.io/assets/menu.css".
2022-06-27 00:29:58,067 - log - INFO - downloading file "https://ru.hexlet.io/assets/menu.css".
2022-06-27 00:29:58,067 - log - INFO - downloading file "https://ru.hexlet.io/assets/menu.css".
2022-06-27 00:29:58,067 - log - DEBUG - downloading file "https://ru.hexlet.io/assets/menu.css".
2022-06-27 00:29:58,067 - log - DEBUG - downloading file "https://ru.hexlet.io/assets/menu.css".
2022-06-27 00:29:58,067 - log - DEBUG - downloading file "https://ru.hexlet.io/assets/menu.css".
2022-06-27 00:29:58,069 - log - INFO - file "https://ru.hexlet.io/assets/menu.css" download.
2022-06-27 00:29:58,069 - log - INFO - file "https://ru.hexlet.io/assets/menu.css" download.
2022-06-27 00:29:58,069 - log - INFO - file "https://ru.hexlet.io/assets/menu.css" download.
2022-06-27 00:29:58,069 - log - INFO - file "https://ru.hexlet.io/assets/menu.css" download.
2022-06-27 00:29:58,069 - log - DEBUG - file "https://ru.hexlet.io/assets/menu.css" download.
2022-06-27 00:29:58,069 - log - DEBUG - file "https://ru.hexlet.io/assets/menu.css" download.
2022-06-27 00:29:58,069 - log - DEBUG - file "https://ru.hexlet.io/assets/menu.css" download.
2022-06-27 00:29:58,069 - log - DEBUG - file "https://ru.hexlet.io/assets/menu.css" download.
